
     Program QE-CONVERSE v.7.5 starts on 16Feb2026 at 18:13:19 

     This program is part of the open-source Quantum ESPRESSO suite
     for quantum simulation of materials; please cite
         "P. Giannozzi et al., J. Phys.:Condens. Matter 21 395502 (2009);
         "P. Giannozzi et al., J. Phys.:Condens. Matter 29 465901 (2017);
         "P. Giannozzi et al., J. Chem. Phys. 152 154105 (2020);
          URL http://www.quantum-espresso.org", 
     in publications or presentations arising from this work. More details at
     http://www.quantum-espresso.org/quote

     Parallel version (MPI), running on     6 processors

     MPI processes distributed on     1 nodes
     R & G space division:  proc/nbgrp/npool/nimage =       6
     2713 MiB available memory on the printing compute node when the environment starts


     Reading xml data from directory:

     ./scratch/CO+.save/

     IMPORTANT: XC functional enforced from input :
     Exchange-correlation= PBE
                           (   1   4   3   4   0   0   0)
     Any further DFT definition will be discarded
     Please, verify this is what you really want


     Parallelization info
     --------------------
     sticks:   dense  smooth     PW     G-vecs:    dense   smooth      PW
     Min        2123    2123    529               180125   180125   22507
     Max        2125    2125    531               180126   180126   22508
     Sum       12745   12745   3181              1080751  1080751  135043

     Using Slab Decomposition

     Reading collected, re-writing distributed wavefunctions
     GIPAW projectors -----------------------------------------------
     atom=O      l=0  rc=    1.4000  rs=    0.9333
     atom=O      l=0  rc=    1.4000  rs=    0.9333
     atom=O      l=1  rc=    1.4000  rs=    0.9333
     atom=O      l=1  rc=    1.4000  rs=    0.9333
     projs nearly linearly dependent: l=1  n1,n2= 1, 2  s=  0.99858905

     atom=C      l=0  rc=    1.5400  rs=    1.0267
     atom=C      l=0  rc=    1.5400  rs=    1.0267
     atom=C      l=1  rc=    1.5400  rs=    1.0267
     atom=C      l=1  rc=    1.5400  rs=    1.0267
     projs nearly linearly dependent: l=0  n1,n2= 1, 2  s=  0.99588996
     projs nearly linearly dependent: l=1  n1,n2= 1, 2  s=  0.99890453
     -----------------------------------------------------------------

     GIPAW integrals: -------------------------------------------
     Atom  i/j   nmr_para   nmr_dia   epr_rmc  epr_para   epr_dia
     O     1 1   0.11E+04  0.23E+00  0.84E+01  0.19E+05  0.60E+01
     O     2 1   0.12E+04  0.48E-01  0.84E+01  0.20E+05  0.47E+01
     O     2 2   0.12E+04 -0.15E+00  0.80E+01  0.20E+05  0.37E+01
     O     3 3   0.42E+01  0.12E+00  0.11E+01  0.96E+02  0.22E+01
     O     4 3   0.47E+01  0.16E+00  0.14E+01  0.11E+03  0.27E+01
     O     4 4   0.52E+01  0.20E+00  0.17E+01  0.12E+03  0.33E+01
     C     1 1   0.67E+03  0.31E+00  0.65E+01  0.83E+04  0.44E+01
     C     2 1   0.70E+03  0.28E+00  0.68E+01  0.87E+04  0.44E+01
     C     2 2   0.74E+03  0.26E+00  0.71E+01  0.92E+04  0.45E+01
     C     3 3   0.16E+01  0.62E-01  0.43E+00  0.31E+02  0.87E+00
     C     4 3   0.17E+01  0.79E-01  0.53E+00  0.34E+02  0.10E+01
     C     4 4   0.19E+01  0.97E-01  0.64E+00  0.37E+02  0.13E+01
     ------------------------------------------------------------

     alpha_pv=     36.0060 eV

     Number of occupied bands for each k-point:
     k-point:     1    nbnd_occ=   5
     k-point:     2    nbnd_occ=   4


     R & G space division:  proc/nbgrp/npool/nimage =       6
     Subspace diagonalization in iterative solution of the eigenvalue problem:
     a serial algorithm will be used



     bravais-lattice index     =            1
     lattice parameter (alat)  =      20.0000  a.u.
     unit-cell volume          =    8000.0000 (a.u.)^3
     number of atoms/cell      =            2
     number of atomic types    =            2
     number of electrons       =         9.00 (up:   5.00, down:   4.00)
     number of Kohn-Sham states=            6
     kinetic-energy cutoff     =     100.0000  Ry
     charge density cutoff     =     400.0000  Ry
     scf convergence threshold =      1.0E-08
     mixing beta               =       0.5000
     number of iterations used =            8  plain     mixing
     Exchange-correlation= PBE
                           (   1   4   3   4   0   0   0)

     celldm(1)=  20.000000  celldm(2)=   0.000000  celldm(3)=   0.000000
     celldm(4)=   0.000000  celldm(5)=   0.000000  celldm(6)=   0.000000

     crystal axes: (cart. coord. in units of alat)
               a(1) = (   1.000000   0.000000   0.000000 )  
               a(2) = (   0.000000   1.000000   0.000000 )  
               a(3) = (   0.000000   0.000000   1.000000 )  

     reciprocal axes: (cart. coord. in units 2 pi/alat)
               b(1) = (  1.000000  0.000000  0.000000 )  
               b(2) = (  0.000000  1.000000  0.000000 )  
               b(3) = (  0.000000  0.000000  1.000000 )  


     PseudoPot. # 1 for O  read from file:
     ../pseudo/O.pbe-tm-new-gipaw-dc.UPF
     MD5 check sum: cd70c9dcf1f7d755502eb127a1501eea
     Pseudo is Norm-conserving, Zval =  6.0
     Generated by new atomic code, or converted to UPF format
     Using radial grid of 1469 points,  1 beta functions with: 
                l(1) =   0

     PseudoPot. # 2 for C  read from file:
     ../pseudo/C.pbe-tm-new-gipaw.UPF
     MD5 check sum: c9fa938d11269a3b0a4c160d8754c0f1
     Pseudo is Norm-conserving, Zval =  4.0
     Generated by new atomic code, or converted to UPF format
     Using radial grid of 1441 points,  1 beta functions with: 
                l(1) =   0

     atomic species   valence    mass     pseudopotential
     O                 6.00    16.00000     O ( 1.00)
     C                 4.00    12.00000     C ( 1.00)

     Starting magnetic structure 
     atomic species   magnetization
     O               0.000
     C               0.000

     No symmetry found


                                    s                        frac. trans.

      isym =  1     identity                                     

 cryst.   s( 1) = (     1          0          0      )
                  (     0          1          0      )
                  (     0          0          1      )

 cart.    s( 1) = (  1.0000000  0.0000000  0.0000000 )
                  (  0.0000000  1.0000000  0.0000000 )
                  (  0.0000000  0.0000000  1.0000000 )


     point group C_1 (1)    
     there are  1 classes
     the character table:

       E    
A      1.00

     the symmetry operations in each class and the name of the first element:

     E        1
          identity                                               

   Cartesian axes

     site n.     atom                  positions (alat units)
         1        O      tau(   1) = (   0.0000000   0.0000000  -0.0000806  )
         2        C      tau(   2) = (   0.0000000   0.0000000   0.1066612  )

   Crystallographic axes

     site n.     atom                  positions (cryst. coord.)
         1        O      tau(   1) = (  0.0000000  0.0000000 -0.0000806  )
         2        C      tau(   2) = (  0.0000000  0.0000000  0.1066612  )

     number of k points=     1
                       cart. coord. in units 2pi/alat
        k(    1) = (   0.0000000   0.0000000   0.0000000), wk =   1.0000000

                       cryst. coord.
        k(    1) = (   0.0000000   0.0000000   0.0000000), wk =   1.0000000

     Dense  grid:  1080751 G-vectors     FFT dimensions: ( 128, 128, 128)
     Message from routine init_vloc:
     Interpolation table for Vloc re-allocated

     Initial potential from superposition of free atoms

     starting charge      10.0000, renormalised to       9.0000

     negative rho (up, down):  1.195E-05 1.195E-05
     Starting wfcs are   16 atomic wfcs

     total cpu time spent up to now is       -1.0 secs

     Self-consistent Calculation

     iteration #  1     ecut=   100.00 Ry     beta= 0.50
     Davidson diagonalization with overlap

---- Real-time Memory Report at c_bands before calling an iterative solver
           187 MiB given to the printing process from OS
             0 MiB allocation reported by mallinfo(arena+hblkhd)
          1621 MiB available memory on the node where the printing process lives
------------------
     ethr =  1.00E-08,  avg # of iterations =  9.0

     negative rho (up, down):  5.950E-06 5.954E-06

     total cpu time spent up to now is       -1.0 secs

     total energy              =     -41.73388385 Ry
     Harris-Foulkes estimate   =     -42.95021655 Ry
     estimated scf accuracy    <       1.97215387 Ry

     total magnetization       =     1.00 Bohr mag/cell
     absolute magnetization    =     1.00 Bohr mag/cell

     iteration #  2     ecut=   100.00 Ry     beta= 0.50
     Davidson diagonalization with overlap

---- Real-time Memory Report at c_bands before calling an iterative solver
           242 MiB given to the printing process from OS
             0 MiB allocation reported by mallinfo(arena+hblkhd)
          1324 MiB available memory on the node where the printing process lives
------------------
     ethr =  1.00E-02,  avg # of iterations =  4.0

     negative rho (up, down):  4.709E-06 4.716E-06

     total cpu time spent up to now is       -1.0 secs

     total energy              =     -41.69984917 Ry
     Harris-Foulkes estimate   =     -42.88563595 Ry
     estimated scf accuracy    <       3.74280531 Ry

     total magnetization       =     1.00 Bohr mag/cell
     absolute magnetization    =     1.05 Bohr mag/cell

     iteration #  3     ecut=   100.00 Ry     beta= 0.50
     Davidson diagonalization with overlap

---- Real-time Memory Report at c_bands before calling an iterative solver
           253 MiB given to the printing process from OS
             0 MiB allocation reported by mallinfo(arena+hblkhd)
          1301 MiB available memory on the node where the printing process lives
------------------
     ethr =  1.00E-02,  avg # of iterations =  3.0

     negative rho (up, down):  1.963E-06 1.975E-06

     total cpu time spent up to now is       -1.0 secs

     total energy              =     -42.39366109 Ry
     Harris-Foulkes estimate   =     -42.44526407 Ry
     estimated scf accuracy    <       0.21847714 Ry

     total magnetization       =     1.00 Bohr mag/cell
     absolute magnetization    =     1.03 Bohr mag/cell

     iteration #  4     ecut=   100.00 Ry     beta= 0.50
     Davidson diagonalization with overlap

---- Real-time Memory Report at c_bands before calling an iterative solver
           264 MiB given to the printing process from OS
             0 MiB allocation reported by mallinfo(arena+hblkhd)
          1250 MiB available memory on the node where the printing process lives
------------------
     ethr =  2.43E-03,  avg # of iterations =  1.5

     negative rho (up, down):  4.920E-07 5.175E-07

     total cpu time spent up to now is       -1.0 secs

     total energy              =     -42.41499574 Ry
     Harris-Foulkes estimate   =     -42.41266161 Ry
     estimated scf accuracy    <       0.02093765 Ry

     total magnetization       =     1.00 Bohr mag/cell
     absolute magnetization    =     1.10 Bohr mag/cell

     iteration #  5     ecut=   100.00 Ry     beta= 0.50
     Davidson diagonalization with overlap

---- Real-time Memory Report at c_bands before calling an iterative solver
           275 MiB given to the printing process from OS
             0 MiB allocation reported by mallinfo(arena+hblkhd)
          1185 MiB available memory on the node where the printing process lives
------------------
     ethr =  2.33E-04,  avg # of iterations =  3.0

     negative rho (up, down):  1.333E-06 1.312E-05

     total cpu time spent up to now is       -1.0 secs

     total energy              =     -42.42183898 Ry
     Harris-Foulkes estimate   =     -42.42052871 Ry
     estimated scf accuracy    <       0.00220514 Ry

     total magnetization       =     1.00 Bohr mag/cell
     absolute magnetization    =     1.14 Bohr mag/cell

     iteration #  6     ecut=   100.00 Ry     beta= 0.50
     Davidson diagonalization with overlap

---- Real-time Memory Report at c_bands before calling an iterative solver
           286 MiB given to the printing process from OS
             0 MiB allocation reported by mallinfo(arena+hblkhd)
          1126 MiB available memory on the node where the printing process lives
------------------
     ethr =  2.45E-05,  avg # of iterations =  2.5

     total cpu time spent up to now is       -1.0 secs

     total energy              =     -42.42215194 Ry
     Harris-Foulkes estimate   =     -42.42226767 Ry
     estimated scf accuracy    <       0.00063099 Ry

     total magnetization       =     1.00 Bohr mag/cell
     absolute magnetization    =     1.17 Bohr mag/cell

     iteration #  7     ecut=   100.00 Ry     beta= 0.50
     Davidson diagonalization with overlap

---- Real-time Memory Report at c_bands before calling an iterative solver
           297 MiB given to the printing process from OS
             0 MiB allocation reported by mallinfo(arena+hblkhd)
          1046 MiB available memory on the node where the printing process lives
------------------
     ethr =  7.01E-06,  avg # of iterations =  2.0

     total cpu time spent up to now is       -1.0 secs

     total energy              =     -42.42234143 Ry
     Harris-Foulkes estimate   =     -42.42226585 Ry
     estimated scf accuracy    <       0.00005135 Ry

     total magnetization       =     1.00 Bohr mag/cell
     absolute magnetization    =     1.19 Bohr mag/cell

     iteration #  8     ecut=   100.00 Ry     beta= 0.50
     Davidson diagonalization with overlap

---- Real-time Memory Report at c_bands before calling an iterative solver
           308 MiB given to the printing process from OS
             0 MiB allocation reported by mallinfo(arena+hblkhd)
           982 MiB available memory on the node where the printing process lives
------------------
     ethr =  5.71E-07,  avg # of iterations =  3.0

     negative rho (up, down):  1.939E-08 2.969E-07

     total cpu time spent up to now is       -1.0 secs

     total energy              =     -42.42240855 Ry
     Harris-Foulkes estimate   =     -42.42243463 Ry
     estimated scf accuracy    <       0.00010062 Ry

     total magnetization       =     1.00 Bohr mag/cell
     absolute magnetization    =     1.21 Bohr mag/cell

     iteration #  9     ecut=   100.00 Ry     beta= 0.50
     Davidson diagonalization with overlap

---- Real-time Memory Report at c_bands before calling an iterative solver
           319 MiB given to the printing process from OS
             0 MiB allocation reported by mallinfo(arena+hblkhd)
           921 MiB available memory on the node where the printing process lives
------------------
     ethr =  5.71E-07,  avg # of iterations =  2.0

     negative rho (up, down):  8.553E-10 2.777E-08

     total cpu time spent up to now is       -1.0 secs

     total energy              =     -42.42242495 Ry
     Harris-Foulkes estimate   =     -42.42242710 Ry
     estimated scf accuracy    <       0.00000427 Ry

     total magnetization       =     1.00 Bohr mag/cell
     absolute magnetization    =     1.22 Bohr mag/cell

     iteration # 10     ecut=   100.00 Ry     beta= 0.50
     Davidson diagonalization with overlap

---- Real-time Memory Report at c_bands before calling an iterative solver
           330 MiB given to the printing process from OS
             0 MiB allocation reported by mallinfo(arena+hblkhd)
           856 MiB available memory on the node where the printing process lives
------------------
     ethr =  4.75E-08,  avg # of iterations =  4.0

     total cpu time spent up to now is       -1.0 secs

     total energy              =     -42.42243724 Ry
     Harris-Foulkes estimate   =     -42.42243825 Ry
     estimated scf accuracy    <       0.00000363 Ry

     total magnetization       =     1.00 Bohr mag/cell
     absolute magnetization    =     1.23 Bohr mag/cell

     iteration # 11     ecut=   100.00 Ry     beta= 0.50
     Davidson diagonalization with overlap

---- Real-time Memory Report at c_bands before calling an iterative solver
           330 MiB given to the printing process from OS
             0 MiB allocation reported by mallinfo(arena+hblkhd)
           867 MiB available memory on the node where the printing process lives
------------------
     ethr =  4.03E-08,  avg # of iterations =  2.0

     total cpu time spent up to now is       -1.0 secs

     total energy              =     -42.42243800 Ry
     Harris-Foulkes estimate   =     -42.42243799 Ry
     estimated scf accuracy    <       0.00000015 Ry

     total magnetization       =     1.00 Bohr mag/cell
     absolute magnetization    =     1.23 Bohr mag/cell

     iteration # 12     ecut=   100.00 Ry     beta= 0.50
     Davidson diagonalization with overlap

---- Real-time Memory Report at c_bands before calling an iterative solver
           330 MiB given to the printing process from OS
             0 MiB allocation reported by mallinfo(arena+hblkhd)
           869 MiB available memory on the node where the printing process lives
------------------
     ethr =  1.62E-09,  avg # of iterations =  3.0

     total cpu time spent up to now is       -1.0 secs

     total energy              =     -42.42243808 Ry
     Harris-Foulkes estimate   =     -42.42243808 Ry
     estimated scf accuracy    <       0.00000001 Ry

     total magnetization       =     1.00 Bohr mag/cell
     absolute magnetization    =     1.23 Bohr mag/cell

     iteration # 13     ecut=   100.00 Ry     beta= 0.50
     Davidson diagonalization with overlap

---- Real-time Memory Report at c_bands before calling an iterative solver
           330 MiB given to the printing process from OS
             0 MiB allocation reported by mallinfo(arena+hblkhd)
           870 MiB available memory on the node where the printing process lives
------------------
     ethr =  1.11E-10,  avg # of iterations =  2.5

     total cpu time spent up to now is       -1.0 secs

     End of self-consistent calculation

 ------ SPIN UP ------------


          k = 0.0000 0.0000 0.0000 (135043 PWs)   bands (ev):

   -35.9191 -20.6620 -18.1132 -18.1130 -17.9812  -9.0310

     occupation numbers 
     1.0000   1.0000   1.0000   1.0000   1.0000   0.0000

 ------ SPIN DOWN ----------


          k = 0.0000 0.0000 0.0000 (135043 PWs)   bands (ev):

   -35.7736 -19.7945 -17.9161 -17.9161 -13.8840  -7.6281

     occupation numbers 
     1.0000   1.0000   1.0000   1.0000   0.0000   0.0000

     highest occupied, lowest unoccupied level (ev):   -17.9161  -13.8840

!    total energy              =     -42.42243808 Ry
     Harris-Foulkes estimate   =     -42.42243808 Ry
     estimated scf accuracy    <          1.5E-09 Ry

     The total energy is the sum of the following terms:
     one-electron contribution =     -80.03512157 Ry
     hartree contribution      =      38.73438150 Ry
     xc contribution           =      -9.47762329 Ry
     ewald contribution        =       8.35592528 Ry

     total magnetization       =     1.00 Bohr mag/cell
     absolute magnetization    =     1.23 Bohr mag/cell

     convergence has been achieved in  13 iterations
     Computing du/dk (single point)
     k-point:   1    occ=  5
     k-point:   2    occ=  4
     done with du/dk   q_gipaw = 0.010000

     Computing the orbital magnetization (bohr mag/cell):
BC: k-point:    1  pool:   1        0.000000   -0.000001   -0.000000
LC: k-point:    1  pool:   1        0.000000   -0.001815   -0.000000
IC: k-point:    1  pool:   1        0.000000    0.000281   -0.000000
BC: k-point:    2  pool:   1        0.000000   -0.000002   -0.000000
LC: k-point:    2  pool:   1       -0.000000    0.000604   -0.000000
IC: k-point:    2  pool:   1       -0.000000   -0.000505    0.000000

     SPIN-ORBIT:
     lambda_so          =       0.000000      1.000000      0.000000

     Berry curvature    =       0.000000     -0.000002     -0.000000
     Fermi energy       =      -1.168632 rydberg

     NUCLEAR DIPOLE ON ATOM   1:
     m_0                =       0.000000      0.000000      0.000000

     (without Berry curvature term)
     M_LC               =       0.000000     -0.002423     -0.000000
     M_IC               =      -0.000000     -0.000448      0.000000
     Delta_M_bare       =       0.000000     -0.000252     -0.000000
     Delta_M_para       =      -0.000000     -0.000005     -0.000000
     Delta_M_dia        =       0.000000      0.000009      0.000000
     M_tot              =       0.000000     -0.003120     -0.000000

     (with Berry curvature term)
     M_LC               =       0.000000     -0.002426     -0.000000
     M_IC               =       0.000000     -0.000451     -0.000000
     Delta_M            =       0.000000     -0.000249     -0.000000
     M_tot              =       0.000000     -0.003126     -0.000000

     SPIN-ORBIT:
     lambda_so          =       0.000000      1.000000      0.000000
     unpaired electrons =          1
     Contributions to the g-tensor (ppm):
     delta_g RMC        =      -116.6940
     delta_g RMC(GIPAW) =       -63.8227
     delta_g SO         =         0.0000    -3125.5702       -0.0000

     delta_g total      =         0.0000    -3306.0868       -0.0000

     QE-CONVERSE  :   1m 2.68s CPU   1m 4.82s WALL


   This run was terminated on:  18:14:24  16Feb2026            

=------------------------------------------------------------------------------=
   JOB DONE.
=------------------------------------------------------------------------------=
     Initialization:

     read_file    :      1.51s CPU      1.68s WALL (       1 calls)
     gipaw_setup  :      0.19s CPU      0.21s WALL (       1 calls)
     wfcinit      :      2.11s CPU      2.21s WALL (       1 calls)
     hinit0       :      0.06s CPU      0.07s WALL (       1 calls)
     potinit      :      0.86s CPU      0.94s WALL (       1 calls)

     SCF calculation:

     electrons    :     50.87s CPU     52.36s WALL (       1 calls)
     h_psi        :     38.61s CPU     39.60s WALL (     165 calls)
     add_so_valen :     20.79s CPU     21.32s WALL (     544 calls)
     add_so_Fnl   :      4.09s CPU      4.10s WALL (     165 calls)

     g-tensor:

     compute_dudk :      1.28s CPU      1.39s WALL (       1 calls)
     orbital_magn :      5.40s CPU      5.55s WALL (       1 calls)
